0 info it worked if it ends with ok
1 verbose cli [ '/usr/local/bin/node',
1 verbose cli   '/usr/local/bin/npm',
1 verbose cli   'install',
1 verbose cli   '--save',
1 verbose cli   'postgres' ]
2 info using npm@3.3.12
3 info using node@v5.3.0
4 silly loadCurrentTree Starting
5 silly install loadCurrentTree
6 silly install readLocalPackageData
7 silly fetchPackageMetaData postgres
8 silly fetchNamedPackageData postgres
9 silly mapToRegistry name postgres
10 silly mapToRegistry using default registry
11 silly mapToRegistry registry https://registry.npmjs.org/
12 silly mapToRegistry uri https://registry.npmjs.org/postgres
13 verbose request uri https://registry.npmjs.org/postgres
14 verbose request no auth needed
15 info attempt registry request try #1 at 3:19:34 PM
16 verbose request id 7da5b49524a157d8
17 http request GET https://registry.npmjs.org/postgres
18 http 200 https://registry.npmjs.org/postgres
19 verbose headers { server: 'CouchDB/1.5.0 (Erlang OTP/R16B03)',
19 verbose headers   etag: '"647809U4Q7N40F8W8042QD9KL"',
19 verbose headers   'content-type': 'application/json',
19 verbose headers   'cache-control': 'max-age=300',
19 verbose headers   'content-length': '771',
19 verbose headers   'accept-ranges': 'bytes',
19 verbose headers   date: 'Mon, 18 Jan 2016 22:19:34 GMT',
19 verbose headers   via: '1.1 varnish',
19 verbose headers   age: '0',
19 verbose headers   connection: 'keep-alive',
19 verbose headers   'x-served-by': 'cache-dfw1828-DFW',
19 verbose headers   'x-cache': 'MISS',
19 verbose headers   'x-cache-hits': '0',
19 verbose headers   'x-timer': 'S1453155574.799898,VS0,VE193',
19 verbose headers   vary: 'Accept' }
20 silly get cb [ 200,
20 silly get   { server: 'CouchDB/1.5.0 (Erlang OTP/R16B03)',
20 silly get     etag: '"647809U4Q7N40F8W8042QD9KL"',
20 silly get     'content-type': 'application/json',
20 silly get     'cache-control': 'max-age=300',
20 silly get     'content-length': '771',
20 silly get     'accept-ranges': 'bytes',
20 silly get     date: 'Mon, 18 Jan 2016 22:19:34 GMT',
20 silly get     via: '1.1 varnish',
20 silly get     age: '0',
20 silly get     connection: 'keep-alive',
20 silly get     'x-served-by': 'cache-dfw1828-DFW',
20 silly get     'x-cache': 'MISS',
20 silly get     'x-cache-hits': '0',
20 silly get     'x-timer': 'S1453155574.799898,VS0,VE193',
20 silly get     vary: 'Accept' } ]
21 verbose get saving postgres to /Users/aubreyford/.npm/registry.npmjs.org/postgres/.cache.json
22 silly install normalizeTree
23 silly loadCurrentTree Finishing
24 silly loadIdealTree Starting
25 silly install loadIdealTree
26 silly cloneCurrentTree Starting
27 silly install cloneCurrentTreeToIdealTree
28 silly cloneCurrentTree Finishing
29 silly loadShrinkwrap Starting
30 silly install loadShrinkwrap
31 silly loadShrinkwrap Finishing
32 silly loadAllDepsIntoIdealTree Starting
33 silly install loadAllDepsIntoIdealTree
34 silly resolveWithNewModule postgres@0.0.1 checking installable status
35 silly cache add args [ 'postgres', null ]
36 verbose cache add spec postgres
37 silly cache add parsed spec Result {
37 silly cache add   raw: 'postgres',
37 silly cache add   scope: null,
37 silly cache add   name: 'postgres',
37 silly cache add   rawSpec: '',
37 silly cache add   spec: '*',
37 silly cache add   type: 'range' }
38 silly addNamed postgres@*
39 verbose addNamed "*" is a valid semver range for postgres
40 silly addNameRange { name: 'postgres', range: '*', hasData: false }
41 silly mapToRegistry name postgres
42 silly mapToRegistry using default registry
43 silly mapToRegistry registry https://registry.npmjs.org/
44 silly mapToRegistry uri https://registry.npmjs.org/postgres
45 verbose addNameRange registry:https://registry.npmjs.org/postgres not in flight; fetching
46 verbose get https://registry.npmjs.org/postgres not expired, no request
47 silly addNameRange number 2 { name: 'postgres', range: '*', hasData: true }
48 silly addNameRange versions [ 'postgres', [ '0.0.1' ] ]
49 silly addNamed postgres@0.0.1
50 verbose addNamed "0.0.1" is a plain semver version for postgres
51 silly mapToRegistry name postgres
52 silly mapToRegistry using default registry
53 silly mapToRegistry registry https://registry.npmjs.org/
54 silly mapToRegistry uri https://registry.npmjs.org/postgres
55 verbose addRemoteTarball https://registry.npmjs.org/postgres/-/postgres-0.0.1.tgz not in flight; adding
56 verbose addRemoteTarball [ 'https://registry.npmjs.org/postgres/-/postgres-0.0.1.tgz',
56 verbose addRemoteTarball   '93aecd0a7fcf620792bcc2c87a2ead432adaa833' ]
57 info retry fetch attempt 1 at 3:19:35 PM
58 info attempt registry request try #1 at 3:19:35 PM
59 http fetch GET https://registry.npmjs.org/postgres/-/postgres-0.0.1.tgz
60 http fetch 200 https://registry.npmjs.org/postgres/-/postgres-0.0.1.tgz
61 silly fetchAndShaCheck shasum 93aecd0a7fcf620792bcc2c87a2ead432adaa833
62 verbose addTmpTarball /var/folders/hk/9fxxnkcj3p124cjfh5y5zw0m0000gn/T/npm-16524-c5ad3f4a/registry.npmjs.org/postgres/-/postgres-0.0.1.tgz not in flight; adding
63 verbose addTmpTarball already have metadata; skipping unpack for postgres@0.0.1
64 silly cache afterAdd postgres@0.0.1
65 verbose afterAdd /Users/aubreyford/.npm/postgres/0.0.1/package/package.json not in flight; writing
66 verbose afterAdd /Users/aubreyford/.npm/postgres/0.0.1/package/package.json written
67 silly loadAllDepsIntoIdealTree Finishing
68 silly idealTree:prePrune crud-books@0.0.0
68 silly idealTree:prePrune ├── accepts@1.2.13
68 silly idealTree:prePrune ├── acorn-globals@1.0.9
68 silly idealTree:prePrune ├── acorn@2.7.0
68 silly idealTree:prePrune ├── amdefine@1.0.0
68 silly idealTree:prePrune ├── ansi-regex@2.0.0
68 silly idealTree:prePrune ├── ansi-styles@2.1.0
68 silly idealTree:prePrune ├── ap@0.2.0
68 silly idealTree:prePrune ├── balanced-match@0.3.0
68 silly idealTree:prePrune ├── basic-auth@1.0.3
68 silly idealTree:prePrune ├── bluebird@2.10.2
68 silly idealTree:prePrune ├── body-parser@1.12.4
68 silly idealTree:prePrune ├── brace-expansion@1.1.2
68 silly idealTree:prePrune ├── buffer-writer@1.0.0
68 silly idealTree:prePrune ├── bytes@1.0.0
68 silly idealTree:prePrune ├── chalk@1.1.1
68 silly idealTree:prePrune ├── character-parser@1.2.1
68 silly idealTree:prePrune ├── commander@2.6.0
68 silly idealTree:prePrune ├── concat-map@0.0.1
68 silly idealTree:prePrune ├── constantinople@3.0.2
68 silly idealTree:prePrune ├── content-disposition@0.5.0
68 silly idealTree:prePrune ├── content-type@1.0.1
68 silly idealTree:prePrune ├── cookie-parser@1.3.5
68 silly idealTree:prePrune ├── cookie-signature@1.0.6
68 silly idealTree:prePrune ├── cookie@0.1.3
68 silly idealTree:prePrune ├── core-util-is@1.0.2
68 silly idealTree:prePrune ├── crc@3.2.1
68 silly idealTree:prePrune ├── css-parse@1.0.4
68 silly idealTree:prePrune ├── css-stringify@1.0.5
68 silly idealTree:prePrune ├── css@1.0.8
68 silly idealTree:prePrune ├── debug@2.2.0
68 silly idealTree:prePrune ├── depd@1.0.1
68 silly idealTree:prePrune ├── destroy@1.0.3
68 silly idealTree:prePrune ├── double-ended-queue@2.1.0-0
68 silly idealTree:prePrune ├── ee-first@1.1.0
68 silly idealTree:prePrune ├── escape-html@1.0.1
68 silly idealTree:prePrune ├── escape-string-regexp@1.0.4
68 silly idealTree:prePrune ├── etag@1.6.0
68 silly idealTree:prePrune ├─┬ express@4.12.4
68 silly idealTree:prePrune │ └── cookie@0.1.2
68 silly idealTree:prePrune ├── extend@2.0.1
68 silly idealTree:prePrune ├── finalhandler@0.3.6
68 silly idealTree:prePrune ├── findup-sync@0.2.1
68 silly idealTree:prePrune ├── flagged-respawn@0.3.1
68 silly idealTree:prePrune ├── forwarded@0.1.0
68 silly idealTree:prePrune ├── fresh@0.2.4
68 silly idealTree:prePrune ├── generic-pool@2.1.1
68 silly idealTree:prePrune ├── glob@4.3.5
68 silly idealTree:prePrune ├── has-ansi@2.0.0
68 silly idealTree:prePrune ├── hashmap@2.0.4
68 silly idealTree:prePrune ├── iconv-lite@0.4.8
68 silly idealTree:prePrune ├── inflight@1.0.4
68 silly idealTree:prePrune ├── inherits@2.0.1
68 silly idealTree:prePrune ├── interpret@0.6.6
68 silly idealTree:prePrune ├── ipaddr.js@1.0.5
68 silly idealTree:prePrune ├── is-promise@1.0.1
68 silly idealTree:prePrune ├── isarray@0.0.1
68 silly idealTree:prePrune ├── jade@1.9.2
68 silly idealTree:prePrune ├─┬ knex@0.9.0
68 silly idealTree:prePrune │ └── minimist@1.1.3
68 silly idealTree:prePrune ├─┬ liftoff@2.0.3
68 silly idealTree:prePrune │ └── minimist@1.1.3
68 silly idealTree:prePrune ├── lodash@3.10.1
68 silly idealTree:prePrune ├── media-typer@0.3.0
68 silly idealTree:prePrune ├── merge-descriptors@1.0.0
68 silly idealTree:prePrune ├── methods@1.1.2
68 silly idealTree:prePrune ├── mime-db@1.21.0
68 silly idealTree:prePrune ├── mime-types@2.1.9
68 silly idealTree:prePrune ├── mime@1.3.4
68 silly idealTree:prePrune ├── minimatch@2.0.10
68 silly idealTree:prePrune ├── minimist@0.0.8
68 silly idealTree:prePrune ├── mkdirp@0.5.1
68 silly idealTree:prePrune ├── morgan@1.5.3
68 silly idealTree:prePrune ├── ms@0.7.1
68 silly idealTree:prePrune ├── negotiator@0.5.3
68 silly idealTree:prePrune ├── on-finished@2.2.1
68 silly idealTree:prePrune ├── once@1.3.3
68 silly idealTree:prePrune ├── optimist@0.3.7
68 silly idealTree:prePrune ├── packet-reader@0.2.0
68 silly idealTree:prePrune ├── parseurl@1.3.1
68 silly idealTree:prePrune ├── path-to-regexp@0.1.3
68 silly idealTree:prePrune ├── pg-connection-string@0.1.3
68 silly idealTree:prePrune ├── pg-types@1.10.0
68 silly idealTree:prePrune ├── pg@4.4.3
68 silly idealTree:prePrune ├── pgpass@0.0.3
68 silly idealTree:prePrune ├── pool2@1.3.1
68 silly idealTree:prePrune ├── postgres-array@1.0.0
68 silly idealTree:prePrune ├── postgres-bytea@1.0.0
68 silly idealTree:prePrune ├── postgres-date@1.0.1
68 silly idealTree:prePrune ├── postgres-interval@1.0.1
68 silly idealTree:prePrune ├── postgres@0.0.1
68 silly idealTree:prePrune ├── promise@2.0.0
68 silly idealTree:prePrune ├── proxy-addr@1.0.10
68 silly idealTree:prePrune ├── qs@2.4.2
68 silly idealTree:prePrune ├── range-parser@1.0.3
68 silly idealTree:prePrune ├─┬ raw-body@2.0.2
68 silly idealTree:prePrune │ └── bytes@2.1.0
68 silly idealTree:prePrune ├── readable-stream@1.1.13
68 silly idealTree:prePrune ├── resolve@1.1.6
68 silly idealTree:prePrune ├── semver@4.3.6
68 silly idealTree:prePrune ├── send@0.12.3
68 silly idealTree:prePrune ├── serve-favicon@2.2.1
68 silly idealTree:prePrune ├── serve-static@1.9.3
68 silly idealTree:prePrune ├── simple-backoff@1.0.0
68 silly idealTree:prePrune ├── source-map@0.1.43
68 silly idealTree:prePrune ├── split@0.3.3
68 silly idealTree:prePrune ├── string_decoder@0.10.31
68 silly idealTree:prePrune ├── strip-ansi@3.0.0
68 silly idealTree:prePrune ├── supports-color@2.0.0
68 silly idealTree:prePrune ├── through@2.3.8
68 silly idealTree:prePrune ├── tildify@1.0.0
68 silly idealTree:prePrune ├── transformers@2.1.0
68 silly idealTree:prePrune ├── type-is@1.6.10
68 silly idealTree:prePrune ├── uglify-js@2.2.5
68 silly idealTree:prePrune ├── user-home@1.1.1
68 silly idealTree:prePrune ├── utils-merge@1.0.0
68 silly idealTree:prePrune ├── v8flags@2.0.11
68 silly idealTree:prePrune ├── vary@1.0.1
68 silly idealTree:prePrune ├── void-elements@2.0.1
68 silly idealTree:prePrune ├─┬ with@4.0.3
68 silly idealTree:prePrune │ └── acorn@1.2.2
68 silly idealTree:prePrune ├── wordwrap@0.0.3
68 silly idealTree:prePrune ├── wrappy@1.0.1
68 silly idealTree:prePrune └── xtend@4.0.1
69 silly loadIdealTree Finishing
70 silly currentTree crud-books@0.0.0
70 silly currentTree ├── accepts@1.2.13
70 silly currentTree ├── acorn-globals@1.0.9
70 silly currentTree ├── acorn@2.7.0
70 silly currentTree ├── amdefine@1.0.0
70 silly currentTree ├── ansi-regex@2.0.0
70 silly currentTree ├── ansi-styles@2.1.0
70 silly currentTree ├── ap@0.2.0
70 silly currentTree ├── balanced-match@0.3.0
70 silly currentTree ├── basic-auth@1.0.3
70 silly currentTree ├── bluebird@2.10.2
70 silly currentTree ├── body-parser@1.12.4
70 silly currentTree ├── brace-expansion@1.1.2
70 silly currentTree ├── buffer-writer@1.0.0
70 silly currentTree ├── bytes@1.0.0
70 silly currentTree ├── chalk@1.1.1
70 silly currentTree ├── character-parser@1.2.1
70 silly currentTree ├── commander@2.6.0
70 silly currentTree ├── concat-map@0.0.1
70 silly currentTree ├── constantinople@3.0.2
70 silly currentTree ├── content-disposition@0.5.0
70 silly currentTree ├── content-type@1.0.1
70 silly currentTree ├── cookie-parser@1.3.5
70 silly currentTree ├── cookie-signature@1.0.6
70 silly currentTree ├── cookie@0.1.3
70 silly currentTree ├── core-util-is@1.0.2
70 silly currentTree ├── crc@3.2.1
70 silly currentTree ├── css-parse@1.0.4
70 silly currentTree ├── css-stringify@1.0.5
70 silly currentTree ├── css@1.0.8
70 silly currentTree ├── debug@2.2.0
70 silly currentTree ├── depd@1.0.1
70 silly currentTree ├── destroy@1.0.3
70 silly currentTree ├── double-ended-queue@2.1.0-0
70 silly currentTree ├── ee-first@1.1.0
70 silly currentTree ├── escape-html@1.0.1
70 silly currentTree ├── escape-string-regexp@1.0.4
70 silly currentTree ├── etag@1.6.0
70 silly currentTree ├─┬ express@4.12.4
70 silly currentTree │ └── cookie@0.1.2
70 silly currentTree ├── extend@2.0.1
70 silly currentTree ├── finalhandler@0.3.6
70 silly currentTree ├── findup-sync@0.2.1
70 silly currentTree ├── flagged-respawn@0.3.1
70 silly currentTree ├── forwarded@0.1.0
70 silly currentTree ├── fresh@0.2.4
70 silly currentTree ├── generic-pool@2.1.1
70 silly currentTree ├── glob@4.3.5
70 silly currentTree ├── has-ansi@2.0.0
70 silly currentTree ├── hashmap@2.0.4
70 silly currentTree ├── iconv-lite@0.4.8
70 silly currentTree ├── inflight@1.0.4
70 silly currentTree ├── inherits@2.0.1
70 silly currentTree ├── interpret@0.6.6
70 silly currentTree ├── ipaddr.js@1.0.5
70 silly currentTree ├── is-promise@1.0.1
70 silly currentTree ├── isarray@0.0.1
70 silly currentTree ├── jade@1.9.2
70 silly currentTree ├─┬ knex@0.9.0
70 silly currentTree │ └── minimist@1.1.3
70 silly currentTree ├─┬ liftoff@2.0.3
70 silly currentTree │ └── minimist@1.1.3
70 silly currentTree ├── lodash@3.10.1
70 silly currentTree ├── media-typer@0.3.0
70 silly currentTree ├── merge-descriptors@1.0.0
70 silly currentTree ├── methods@1.1.2
70 silly currentTree ├── mime-db@1.21.0
70 silly currentTree ├── mime-types@2.1.9
70 silly currentTree ├── mime@1.3.4
70 silly currentTree ├── minimatch@2.0.10
70 silly currentTree ├── minimist@0.0.8
70 silly currentTree ├── mkdirp@0.5.1
70 silly currentTree ├── morgan@1.5.3
70 silly currentTree ├── ms@0.7.1
70 silly currentTree ├── negotiator@0.5.3
70 silly currentTree ├── on-finished@2.2.1
70 silly currentTree ├── once@1.3.3
70 silly currentTree ├── optimist@0.3.7
70 silly currentTree ├── packet-reader@0.2.0
70 silly currentTree ├── parseurl@1.3.1
70 silly currentTree ├── path-to-regexp@0.1.3
70 silly currentTree ├── pg-connection-string@0.1.3
70 silly currentTree ├── pg-types@1.10.0
70 silly currentTree ├── pg@4.4.3
70 silly currentTree ├── pgpass@0.0.3
70 silly currentTree ├── pool2@1.3.1
70 silly currentTree ├── postgres-array@1.0.0
70 silly currentTree ├── postgres-bytea@1.0.0
70 silly currentTree ├── postgres-date@1.0.1
70 silly currentTree ├── postgres-interval@1.0.1
70 silly currentTree ├── promise@2.0.0
70 silly currentTree ├── proxy-addr@1.0.10
70 silly currentTree ├── qs@2.4.2
70 silly currentTree ├── range-parser@1.0.3
70 silly currentTree ├─┬ raw-body@2.0.2
70 silly currentTree │ └── bytes@2.1.0
70 silly currentTree ├── readable-stream@1.1.13
70 silly currentTree ├── resolve@1.1.6
70 silly currentTree ├── semver@4.3.6
70 silly currentTree ├── send@0.12.3
70 silly currentTree ├── serve-favicon@2.2.1
70 silly currentTree ├── serve-static@1.9.3
70 silly currentTree ├── simple-backoff@1.0.0
70 silly currentTree ├── source-map@0.1.43
70 silly currentTree ├── split@0.3.3
70 silly currentTree ├── string_decoder@0.10.31
70 silly currentTree ├── strip-ansi@3.0.0
70 silly currentTree ├── supports-color@2.0.0
70 silly currentTree ├── through@2.3.8
70 silly currentTree ├── tildify@1.0.0
70 silly currentTree ├── transformers@2.1.0
70 silly currentTree ├── type-is@1.6.10
70 silly currentTree ├── uglify-js@2.2.5
70 silly currentTree ├── user-home@1.1.1
70 silly currentTree ├── utils-merge@1.0.0
70 silly currentTree ├── v8flags@2.0.11
70 silly currentTree ├── vary@1.0.1
70 silly currentTree ├── void-elements@2.0.1
70 silly currentTree ├─┬ with@4.0.3
70 silly currentTree │ └── acorn@1.2.2
70 silly currentTree ├── wordwrap@0.0.3
70 silly currentTree ├── wrappy@1.0.1
70 silly currentTree └── xtend@4.0.1
71 silly idealTree crud-books@0.0.0
71 silly idealTree ├── accepts@1.2.13
71 silly idealTree ├── acorn-globals@1.0.9
71 silly idealTree ├── acorn@2.7.0
71 silly idealTree ├── amdefine@1.0.0
71 silly idealTree ├── ansi-regex@2.0.0
71 silly idealTree ├── ansi-styles@2.1.0
71 silly idealTree ├── ap@0.2.0
71 silly idealTree ├── balanced-match@0.3.0
71 silly idealTree ├── basic-auth@1.0.3
71 silly idealTree ├── bluebird@2.10.2
71 silly idealTree ├── body-parser@1.12.4
71 silly idealTree ├── brace-expansion@1.1.2
71 silly idealTree ├── buffer-writer@1.0.0
71 silly idealTree ├── bytes@1.0.0
71 silly idealTree ├── chalk@1.1.1
71 silly idealTree ├── character-parser@1.2.1
71 silly idealTree ├── commander@2.6.0
71 silly idealTree ├── concat-map@0.0.1
71 silly idealTree ├── constantinople@3.0.2
71 silly idealTree ├── content-disposition@0.5.0
71 silly idealTree ├── content-type@1.0.1
71 silly idealTree ├── cookie-parser@1.3.5
71 silly idealTree ├── cookie-signature@1.0.6
71 silly idealTree ├── cookie@0.1.3
71 silly idealTree ├── core-util-is@1.0.2
71 silly idealTree ├── crc@3.2.1
71 silly idealTree ├── css-parse@1.0.4
71 silly idealTree ├── css-stringify@1.0.5
71 silly idealTree ├── css@1.0.8
71 silly idealTree ├── debug@2.2.0
71 silly idealTree ├── depd@1.0.1
71 silly idealTree ├── destroy@1.0.3
71 silly idealTree ├── double-ended-queue@2.1.0-0
71 silly idealTree ├── ee-first@1.1.0
71 silly idealTree ├── escape-html@1.0.1
71 silly idealTree ├── escape-string-regexp@1.0.4
71 silly idealTree ├── etag@1.6.0
71 silly idealTree ├─┬ express@4.12.4
71 silly idealTree │ └── cookie@0.1.2
71 silly idealTree ├── extend@2.0.1
71 silly idealTree ├── finalhandler@0.3.6
71 silly idealTree ├── findup-sync@0.2.1
71 silly idealTree ├── flagged-respawn@0.3.1
71 silly idealTree ├── forwarded@0.1.0
71 silly idealTree ├── fresh@0.2.4
71 silly idealTree ├── generic-pool@2.1.1
71 silly idealTree ├── glob@4.3.5
71 silly idealTree ├── has-ansi@2.0.0
71 silly idealTree ├── hashmap@2.0.4
71 silly idealTree ├── iconv-lite@0.4.8
71 silly idealTree ├── inflight@1.0.4
71 silly idealTree ├── inherits@2.0.1
71 silly idealTree ├── interpret@0.6.6
71 silly idealTree ├── ipaddr.js@1.0.5
71 silly idealTree ├── is-promise@1.0.1
71 silly idealTree ├── isarray@0.0.1
71 silly idealTree ├── jade@1.9.2
71 silly idealTree ├─┬ knex@0.9.0
71 silly idealTree │ └── minimist@1.1.3
71 silly idealTree ├─┬ liftoff@2.0.3
71 silly idealTree │ └── minimist@1.1.3
71 silly idealTree ├── lodash@3.10.1
71 silly idealTree ├── media-typer@0.3.0
71 silly idealTree ├── merge-descriptors@1.0.0
71 silly idealTree ├── methods@1.1.2
71 silly idealTree ├── mime-db@1.21.0
71 silly idealTree ├── mime-types@2.1.9
71 silly idealTree ├── mime@1.3.4
71 silly idealTree ├── minimatch@2.0.10
71 silly idealTree ├── minimist@0.0.8
71 silly idealTree ├── mkdirp@0.5.1
71 silly idealTree ├── morgan@1.5.3
71 silly idealTree ├── ms@0.7.1
71 silly idealTree ├── negotiator@0.5.3
71 silly idealTree ├── on-finished@2.2.1
71 silly idealTree ├── once@1.3.3
71 silly idealTree ├── optimist@0.3.7
71 silly idealTree ├── packet-reader@0.2.0
71 silly idealTree ├── parseurl@1.3.1
71 silly idealTree ├── path-to-regexp@0.1.3
71 silly idealTree ├── pg-connection-string@0.1.3
71 silly idealTree ├── pg-types@1.10.0
71 silly idealTree ├── pg@4.4.3
71 silly idealTree ├── pgpass@0.0.3
71 silly idealTree ├── pool2@1.3.1
71 silly idealTree ├── postgres-array@1.0.0
71 silly idealTree ├── postgres-bytea@1.0.0
71 silly idealTree ├── postgres-date@1.0.1
71 silly idealTree ├── postgres-interval@1.0.1
71 silly idealTree ├── postgres@0.0.1
71 silly idealTree ├── promise@2.0.0
71 silly idealTree ├── proxy-addr@1.0.10
71 silly idealTree ├── qs@2.4.2
71 silly idealTree ├── range-parser@1.0.3
71 silly idealTree ├─┬ raw-body@2.0.2
71 silly idealTree │ └── bytes@2.1.0
71 silly idealTree ├── readable-stream@1.1.13
71 silly idealTree ├── resolve@1.1.6
71 silly idealTree ├── semver@4.3.6
71 silly idealTree ├── send@0.12.3
71 silly idealTree ├── serve-favicon@2.2.1
71 silly idealTree ├── serve-static@1.9.3
71 silly idealTree ├── simple-backoff@1.0.0
71 silly idealTree ├── source-map@0.1.43
71 silly idealTree ├── split@0.3.3
71 silly idealTree ├── string_decoder@0.10.31
71 silly idealTree ├── strip-ansi@3.0.0
71 silly idealTree ├── supports-color@2.0.0
71 silly idealTree ├── through@2.3.8
71 silly idealTree ├── tildify@1.0.0
71 silly idealTree ├── transformers@2.1.0
71 silly idealTree ├── type-is@1.6.10
71 silly idealTree ├── uglify-js@2.2.5
71 silly idealTree ├── user-home@1.1.1
71 silly idealTree ├── utils-merge@1.0.0
71 silly idealTree ├── v8flags@2.0.11
71 silly idealTree ├── vary@1.0.1
71 silly idealTree ├── void-elements@2.0.1
71 silly idealTree ├─┬ with@4.0.3
71 silly idealTree │ └── acorn@1.2.2
71 silly idealTree ├── wordwrap@0.0.3
71 silly idealTree ├── wrappy@1.0.1
71 silly idealTree └── xtend@4.0.1
72 silly generateActionsToTake Starting
73 silly install generateActionsToTake
74 silly generateActionsToTake Finishing
75 silly diffTrees action count 1
76 silly diffTrees add postgres@0.0.1
77 silly decomposeActions action count 8
78 silly decomposeActions fetch postgres@0.0.1
79 silly decomposeActions extract postgres@0.0.1
80 silly decomposeActions preinstall postgres@0.0.1
81 silly decomposeActions build postgres@0.0.1
82 silly decomposeActions install postgres@0.0.1
83 silly decomposeActions postinstall postgres@0.0.1
84 silly decomposeActions test postgres@0.0.1
85 silly decomposeActions finalize postgres@0.0.1
86 silly executeActions Starting
87 silly install executeActions
88 silly doSerial global-install 0
89 silly doParallel fetch 1
90 verbose lock using /Users/aubreyford/.npm/_locks/staging-8cb788c857fbdc82.lock for /Users/aubreyford/workspace/11_week/books-bugs/node_modules/.staging
91 silly doParallel extract 1
92 silly extract postgres@0.0.1
93 verbose unbuild node_modules/.staging/postgres-12ec02dc71a1910dc5862e9c81591cde
94 silly gentlyRm /Users/aubreyford/workspace/11_week/books-bugs/node_modules/.staging/postgres-12ec02dc71a1910dc5862e9c81591cde is being purged from base /Users/aubreyford/workspace/11_week/books-bugs
95 verbose gentlyRm don't care about contents; nuking /Users/aubreyford/workspace/11_week/books-bugs/node_modules/.staging/postgres-12ec02dc71a1910dc5862e9c81591cde
96 verbose tar unpack /Users/aubreyford/.npm/postgres/0.0.1/package.tgz
97 verbose tar unpacking to /Users/aubreyford/workspace/11_week/books-bugs/node_modules/.staging/postgres-12ec02dc71a1910dc5862e9c81591cde
98 silly gentlyRm /Users/aubreyford/workspace/11_week/books-bugs/node_modules/.staging/postgres-12ec02dc71a1910dc5862e9c81591cde is being purged
99 verbose gentlyRm don't care about contents; nuking /Users/aubreyford/workspace/11_week/books-bugs/node_modules/.staging/postgres-12ec02dc71a1910dc5862e9c81591cde
100 silly gunzTarPerm modes [ '755', '644' ]
101 silly gunzTarPerm extractEntry
102 silly gunzTarPerm extractEntry .gitignore
103 silly gunzTarPerm extractEntry ._.npmignore
104 silly gunzTarPerm extractEntry .npmignore
105 silly gunzTarPerm extractEntry binding.cc
106 silly gunzTarPerm extractEntry LICENSE-MIT
107 silly gunzTarPerm extractEntry ._package.json
108 silly gunzTarPerm extractEntry package.json
109 silly gunzTarPerm extractEntry postgres.js
110 silly gunzTarPerm extractEntry README
111 silly gunzTarPerm extractEntry test.js
112 silly gunzTarPerm extractEntry type-oids.h
113 silly gunzTarPerm extractEntry wscript
114 silly doParallel preinstall 1
115 silly preinstall postgres@0.0.1 /Users/aubreyford/workspace/11_week/books-bugs/node_modules/.staging/postgres-12ec02dc71a1910dc5862e9c81591cde
116 info lifecycle postgres@0.0.1~preinstall: postgres@0.0.1
117 silly lifecycle postgres@0.0.1~preinstall: no script for preinstall, continuing
118 silly doReverseSerial remove 0
119 silly doSerial move 0
120 silly doSerial finalize 1
121 silly finalize /Users/aubreyford/workspace/11_week/books-bugs/node_modules/postgres
122 silly doSerial build 1
123 silly build postgres@0.0.1
124 info linkStuff postgres@0.0.1
125 silly linkStuff postgres@0.0.1 has /Users/aubreyford/workspace/11_week/books-bugs/node_modules as its parent node_modules
126 verbose linkBins postgres@0.0.1
127 verbose linkMans postgres@0.0.1
128 silly doSerial global-link 0
129 silly doParallel update-linked 0
130 silly doSerial install 1
131 silly install postgres@0.0.1 /Users/aubreyford/workspace/11_week/books-bugs/node_modules/.staging/postgres-12ec02dc71a1910dc5862e9c81591cde
132 info lifecycle postgres@0.0.1~install: postgres@0.0.1
133 verbose lifecycle postgres@0.0.1~install: unsafe-perm in lifecycle true
134 verbose lifecycle postgres@0.0.1~install: PATH: /usr/local/lib/node_modules/npm/bin/node-gyp-bin:/Users/aubreyford/workspace/11_week/books-bugs/node_modules/postgres/node_modules/.bin:/Users/aubreyford/workspace/11_week/books-bugs/node_modules/.bin:/usr/local/bin:/usr/bin:/bin:/usr/sbin:/sbin:/usr/local/git/bin
135 verbose lifecycle postgres@0.0.1~install: CWD: /Users/aubreyford/workspace/11_week/books-bugs/node_modules/postgres
136 silly lifecycle postgres@0.0.1~install: Args: [ '-c', 'node-waf configure build' ]
137 info lifecycle postgres@0.0.1~install: Failed to exec install script
138 verbose unlock done using /Users/aubreyford/.npm/_locks/staging-8cb788c857fbdc82.lock for /Users/aubreyford/workspace/11_week/books-bugs/node_modules/.staging
139 silly rollbackFailedOptional Starting
140 silly rollbackFailedOptional Finishing
141 silly runTopLevelLifecycles Starting
142 silly runTopLevelLifecycles Finishing
143 silly install printInstalled
144 verbose stack Error: postgres@0.0.1 install: `node-waf configure build`
144 verbose stack spawn ENOENT
144 verbose stack     at ChildProcess.<anonymous> (/usr/local/lib/node_modules/npm/lib/utils/spawn.js:17:16)
144 verbose stack     at emitTwo (events.js:87:13)
144 verbose stack     at ChildProcess.emit (events.js:172:7)
144 verbose stack     at maybeClose (internal/child_process.js:818:16)
144 verbose stack     at Process.ChildProcess._handle.onexit (internal/child_process.js:211:5)
145 verbose pkgid postgres@0.0.1
146 verbose cwd /Users/aubreyford/workspace/11_week/books-bugs
147 error Darwin 14.5.0
148 error argv "/usr/local/bin/node" "/usr/local/bin/npm" "install" "--save" "postgres"
149 error node v5.3.0
150 error npm  v3.3.12
151 error file sh
152 error code ELIFECYCLE
153 error errno ENOENT
154 error syscall spawn
155 error postgres@0.0.1 install: `node-waf configure build`
155 error spawn ENOENT
156 error Failed at the postgres@0.0.1 install script 'node-waf configure build'.
156 error Make sure you have the latest version of node.js and npm installed.
156 error If you do, this is most likely a problem with the postgres package,
156 error not with npm itself.
156 error Tell the author that this fails on your system:
156 error     node-waf configure build
156 error You can get their info via:
156 error     npm owner ls postgres
156 error There is likely additional logging output above.
157 verbose exit [ 1, true ]
